<?xml version="1.0" encoding="UTF-8" ?>
<testsuite failures="0" time="4.651" errors="0" skipped="0" tests="3" name="pageObjectTest.login.OscarLoginTest">
  <properties>
[...]
</properties>
  <testcase time="3.713" classname="pageObjectTest.login.OscarLoginTest" name="ValidLoginTest"/>
  <testcase time="0.588" classname="pageObjectTest.login.OscarLoginTest" name="InvalidPasswordTest"/>
  <testcase time="0.334" classname="pageObjectTest.login.OscarLoginTest" name="InvalidUsernameTest"/>
</testsuite>